<?xml version="1.0" encoding="UTF-8"?>
<!-- Generated by org.testng.reporters.JUnitXMLReporter -->
<testsuite hostname="Skillray" name="Test" tests="3" failures="0" timestamp="12 Jun 2020 11:43:37 GMT" time="110.998" errors="0">
  <testcase name="serachingcource" time="22.775" classname="scripts.Serachingforcourse"/>
  <testcase name="courcetaken" time="37.877" classname="scripts.TakeingCource"/>
  <testcase name="forgotpassword" time="27.923" classname="scripts.Forgotpassword"/>
</testsuite> <!-- Test -->
